# JRE version: OpenJDK Runtime Environment Temurin-17.0.14+7 (17.0.14+7) (build 17.0.14+7)
# Java VM: OpenJDK 64-Bit Server VM Temurin-17.0.14+7 (17.0.14+7, mixed mode, sharing, tiered, compressed oops, compressed class ptrs, g1 gc, windows-amd64)
GC Precious Log:
 CPUs: 12 total, 12 available
 Memory: 16068M
 Large Page Support: Disabled
 NUMA Support: Disabled
 Compressed Oops: Enabled (Zero based)
 Heap Region Size: 2M
 Heap Min Capacity: 8M
 Heap Initial Capacity: 252M
 Heap Max Capacity: 4018M
 Pre-touch: Disabled
 Parallel Workers: 10
 Concurrent Workers: 3
 Concurrent Refinement Workers: 10
 Periodic GC: Disabled
Heap:
 garbage-first heap   total 75776K, used 32583K [0x0000000704e00000, 0x0000000800000000)
  region size 2048K, 6 young (12288K), 2 survivors (4096K)
 Metaspace       used 65769K, committed 66240K, reserved 1114112K
  class space    used 8574K, committed 8768K, reserved 1048576K
GC Heap History (20 events):
Event: 1.944 GC heap before
{Heap before GC invocations=2 (full 0):
 garbage-first heap   total 258048K, used 45357K [0x0000000704e00000, 0x0000000800000000)
  region size 2048K, 20 young (40960K), 1 survivors (2048K)
 Metaspace       used 21328K, committed 21504K, reserved 1114112K
  class space    used 2464K, committed 2560K, reserved 1048576K
}
Event: 1.949 GC heap after
{Heap after GC invocations=3 (full 0):
 garbage-first heap   total 258048K, used 11859K [0x0000000704e00000, 0x0000000800000000)
  region size 2048K, 3 young (6144K), 3 survivors (6144K)
 Metaspace       used 21328K, committed 21504K, reserved 1114112K
  class space    used 2464K, committed 2560K, reserved 1048576K
}
Event: 2.426 GC heap before
{Heap before GC invocations=4 (full 0):
 garbage-first heap   total 55296K, used 36435K [0x0000000704e00000, 0x0000000800000000)
  region size 2048K, 16 young (32768K), 3 survivors (6144K)
 Metaspace       used 23786K, committed 24064K, reserved 1114112K
  class space    used 2749K, committed 2880K, reserved 1048576K
}
Event: 2.432 GC heap after
{Heap after GC invocations=5 (full 0):
 garbage-first heap   total 55296K, used 13965K [0x0000000704e00000, 0x0000000800000000)
  region size 2048K, 2 young (4096K), 2 survivors (4096K)
 Metaspace       used 23786K, committed 24064K, reserved 1114112K
  class space    used 2749K, committed 2880K, reserved 1048576K
}
Event: 2.473 GC heap before
{Heap before GC invocations=5 (full 0):
 garbage-first heap   total 55296K, used 16013K [0x0000000704e00000, 0x0000000800000000)
  region size 2048K, 3 young (6144K), 2 survivors (4096K)
 Metaspace       used 23857K, committed 24128K, reserved 1114112K
  class space    used 2757K, committed 2880K, reserved 1048576K
}
Event: 2.477 GC heap after
{Heap after GC invocations=6 (full 0):
 garbage-first heap   total 55296K, used 14640K [0x0000000704e00000, 0x0000000800000000)
  region size 2048K, 1 young (2048K), 1 survivors (2048K)
 Metaspace       used 23857K, committed 24128K, reserved 1114112K
  class space    used 2757K, committed 2880K, reserved 1048576K
}
Event: 2.920 GC heap before
{Heap before GC invocations=6 (full 0):
 garbage-first heap   total 55296K, used 33072K [0x0000000704e00000, 0x0000000800000000)
  region size 2048K, 11 young (22528K), 1 survivors (2048K)
 Metaspace       used 26637K, committed 27008K, reserved 1114112K
  class space    used 3089K, committed 3264K, reserved 1048576K
}
Event: 2.925 GC heap after
{Heap after GC invocations=7 (full 0):
 garbage-first heap   total 55296K, used 15628K [0x0000000704e00000, 0x0000000800000000)
  region size 2048K, 1 young (2048K), 1 survivors (2048K)
 Metaspace       used 26637K, committed 27008K, reserved 1114112K
  class space    used 3089K, committed 3264K, reserved 1048576K
}
Event: 3.635 GC heap before
{Heap before GC invocations=7 (full 0):
 garbage-first heap   total 55296K, used 38156K [0x0000000704e00000, 0x0000000800000000)
  region size 2048K, 12 young (24576K), 1 survivors (2048K)
 Metaspace       used 29974K, committed 30400K, reserved 1114112K
  class space    used 3564K, committed 3776K, reserved 1048576K
}
Event: 3.643 GC heap after
{Heap after GC invocations=8 (full 0):
 garbage-first heap   total 157696K, used 17517K [0x0000000704e00000, 0x0000000800000000)
  region size 2048K, 2 young (4096K), 2 survivors (4096K)
 Metaspace       used 29974K, committed 30400K, reserved 1114112K
  class space    used 3564K, committed 3776K, reserved 1048576K
}
Event: 4.502 GC heap before
{Heap before GC invocations=8 (full 0):
 garbage-first heap   total 157696K, used 48237K [0x0000000704e00000, 0x0000000800000000)
  region size 2048K, 18 young (36864K), 2 survivors (4096K)
 Metaspace       used 35696K, committed 36096K, reserved 1114112K
  class space    used 4326K, committed 4544K, reserved 1048576K
}
Event: 4.510 GC heap after
{Heap after GC invocations=9 (full 0):
 garbage-first heap   total 157696K, used 20051K [0x0000000704e00000, 0x0000000800000000)
  region size 2048K, 3 young (6144K), 3 survivors (6144K)
 Metaspace       used 35696K, committed 36096K, reserved 1114112K
  class space    used 4326K, committed 4544K, reserved 1048576K
}
Event: 6.200 GC heap before
{Heap before GC invocations=10 (full 0):
 garbage-first heap   total 75776K, used 58963K [0x0000000704e00000, 0x0000000800000000)
  region size 2048K, 22 young (45056K), 3 survivors (6144K)
 Metaspace       used 47155K, committed 47616K, reserved 1114112K
  class space    used 5871K, committed 6080K, reserved 1048576K
}
Event: 6.211 GC heap after
{Heap after GC invocations=11 (full 0):
 garbage-first heap   total 75776K, used 22368K [0x0000000704e00000, 0x0000000800000000)
  region size 2048K, 3 young (6144K), 3 survivors (6144K)
 Metaspace       used 47155K, committed 47616K, reserved 1114112K
  class space    used 5871K, committed 6080K, reserved 1048576K
}
Event: 7.196 GC heap before
{Heap before GC invocations=11 (full 0):
 garbage-first heap   total 75776K, used 55136K [0x0000000704e00000, 0x0000000800000000)
  region size 2048K, 19 young (38912K), 3 survivors (6144K)
 Metaspace       used 54062K, committed 54464K, reserved 1114112K
  class space    used 6739K, committed 6912K, reserved 1048576K
}
Event: 7.205 GC heap after
{Heap after GC invocations=12 (full 0):
 garbage-first heap   total 75776K, used 23946K [0x0000000704e00000, 0x0000000800000000)
  region size 2048K, 2 young (4096K), 2 survivors (4096K)
 Metaspace       used 54062K, committed 54464K, reserved 1114112K
  class space    used 6739K, committed 6912K, reserved 1048576K
}
Event: 7.631 GC heap before
{Heap before GC invocations=12 (full 0):
 garbage-first heap   total 75776K, used 44426K [0x0000000704e00000, 0x0000000800000000)
  region size 2048K, 14 young (28672K), 2 survivors (4096K)
 Metaspace       used 59867K, committed 60288K, reserved 1114112K
  class space    used 7729K, committed 7936K, reserved 1048576K
}
Event: 7.637 GC heap after
{Heap after GC invocations=13 (full 0):
 garbage-first heap   total 75776K, used 24775K [0x0000000704e00000, 0x0000000800000000)
  region size 2048K, 2 young (4096K), 2 survivors (4096K)
 Metaspace       used 59867K, committed 60288K, reserved 1114112K
  class space    used 7729K, committed 7936K, reserved 1048576K
}
Event: 9.998 GC heap before
{Heap before GC invocations=14 (full 0):
 garbage-first heap   total 75776K, used 57543K [0x0000000704e00000, 0x0000000800000000)
  region size 2048K, 18 young (36864K), 2 survivors (4096K)
 Metaspace       used 64959K, committed 65472K, reserved 1114112K
  class space    used 8429K, committed 8640K, reserved 1048576K
}
Event: 10.007 GC heap after
{Heap after GC invocations=15 (full 0):
 garbage-first heap   total 75776K, used 26439K [0x0000000704e00000, 0x0000000800000000)
  region size 2048K, 2 young (4096K), 2 survivors (4096K)
 Metaspace       used 64959K, committed 65472K, reserved 1114112K
  class space    used 8429K, committed 8640K, reserved 1048576K
}

